<?xml version="1.0" encoding="UTF-8"?>
<testsuite name="com.telran.tests.alltests.BoardCreationNewTests" tests="7" skipped="0" failures="0" errors="0" timestamp="2020-10-16T08:43:53" hostname="DESKTOP-SGMCBKO" time="26.208">
  <properties/>
  <testcase name="boardCreation[0](1DPboard, public)" classname="com.telran.tests.alltests.BoardCreationNewTests" time="10.378"/>
  <testcase name="boardCreation[1](1D-Pboard, public)" classname="com.telran.tests.alltests.BoardCreationNewTests" time="2.587"/>
  <testcase name="boardCreation[2](1, public)" classname="com.telran.tests.alltests.BoardCreationNewTests" time="2.672"/>
  <testcase name="boardCreation[3](!@&amp;$, public)" classname="com.telran.tests.alltests.BoardCreationNewTests" time="2.447"/>
  <testcase name="boardCreationFromCSV[0](Board{boardName='1', teamVisible='public'})" classname="com.telran.tests.alltests.BoardCreationNewTests" time="2.394"/>
  <testcase name="boardCreationFromCSV[1](Board{boardName='qwerty', teamVisible='public'})" classname="com.telran.tests.alltests.BoardCreationNewTests" time="2.353"/>
  <testcase name="boardCreationFromCSV[2](Board{boardName='Lorem ipsum dolor sit amet consectetur adipiscing elit sed do eiusmod tempor incididunt', teamVisible='public'})" classname="com.telran.tests.alltests.BoardCreationNewTests" time="3.348"/>
  <system-out><![CDATA[11:43:53.125 [Test worker] INFO  com.telran.tests.alltests.TestBase - Tests startedboardCreation with parameters: [1DPboard, public]
was: 12 now: 13
11:44:03.519 [Test worker] INFO  com.telran.tests.alltests.TestBase - Tests stoppedboardCreation
11:44:03.520 [Test worker] INFO  com.telran.tests.alltests.TestBase - Tests startedboardCreation with parameters: [1D-Pboard, public]
was: 13 now: 14
11:44:06.109 [Test worker] INFO  com.telran.tests.alltests.TestBase - Tests stoppedboardCreation
11:44:06.110 [Test worker] INFO  com.telran.tests.alltests.TestBase - Tests startedboardCreation with parameters: [1, public]
was: 14 now: 15
11:44:08.784 [Test worker] INFO  com.telran.tests.alltests.TestBase - Tests stoppedboardCreation
11:44:08.786 [Test worker] INFO  com.telran.tests.alltests.TestBase - Tests startedboardCreation with parameters: [!@&$, public]
was: 15 now: 16
11:44:11.235 [Test worker] INFO  com.telran.tests.alltests.TestBase - Tests stoppedboardCreation
11:44:11.238 [Test worker] INFO  com.telran.tests.alltests.TestBase - Tests startedboardCreationFromCSV with parameters: [Board{boardName='1', teamVisible='public'}]
was: 16 now: 17
11:44:13.634 [Test worker] INFO  com.telran.tests.alltests.TestBase - Tests stoppedboardCreationFromCSV
11:44:13.635 [Test worker] INFO  com.telran.tests.alltests.TestBase - Tests startedboardCreationFromCSV with parameters: [Board{boardName='qwerty', teamVisible='public'}]
was: 17 now: 18
11:44:15.990 [Test worker] INFO  com.telran.tests.alltests.TestBase - Tests stoppedboardCreationFromCSV
11:44:15.991 [Test worker] INFO  com.telran.tests.alltests.TestBase - Tests startedboardCreationFromCSV with parameters: [Board{boardName='Lorem ipsum dolor sit amet consectetur adipiscing elit sed do eiusmod tempor incididunt', teamVisible='public'}]
was: 18 now: 19
11:44:19.341 [Test worker] INFO  com.telran.tests.alltests.TestBase - Tests stoppedboardCreationFromCSV
]]></system-out>
  <system-err><![CDATA[]]></system-err>
</testsuite>
